host/build/outputs/logs/manifest-merger-debug-report.txt
-- Merging decision tree log ---
manifest
ADDED from MTK_AS_Camera2/host/AndroidManifest.xml:2:1-136:12
INJECTED from MTK_AS_Camera2/host/AndroidManifest.xml:2:1-136:12
INJECTED from MTK_AS_Camera2/host/AndroidManifest.xml:2:1-136:12
INJECTED from MTK_AS_Camera2/host/AndroidManifest.xml:2:1-136:12
MERGED from [com.android.support:design:28.0.0] AndroidManifest.xml:17:1-24:12
MERGED from [com.android.support:appcompat-v7:28.0.0] AndroidManifest.xml:17:1-22:12
MERGED from [com.android.support:recyclerview-v7:28.0.0] AndroidManifest.xml:17:1-22:12
MERGED from [com.android.support:multidex:1.0.3] AndroidManifest.xml:17:1-22:12
MERGED from [com.android.support:support-fragment:28.0.0] AndroidManifest.xml:17:1-22:12
MERGED from [com.android.support:animated-vector-drawable:28.0.0] AndroidManifest.xml:17:1-22:12
MERGED from [com.android.support:support-core-ui:28.0.0] AndroidManifest.xml:17:1-22:12
MERGED from [com.android.support:support-core-utils:28.0.0] AndroidManifest.xml:17:1-22:12
MERGED from [com.android.support:support-vector-drawable:28.0.0] AndroidManifest.xml:17:1-22:12
MERGED from [com.android.support:transition:28.0.0] AndroidManifest.xml:17:1-22:12
MERGED from [com.android.support:loader:28.0.0] AndroidManifest.xml:17:1-22:12
MERGED from [com.android.support:viewpager:28.0.0] AndroidManifest.xml:17:1-22:12
MERGED from [com.android.support:coordinatorlayout:28.0.0] AndroidManifest.xml:17:1-22:12
MERGED from [com.android.support:drawerlayout:28.0.0] AndroidManifest.xml:17:1-22:12
MERGED from [com.android.support:slidingpanelayout:28.0.0] AndroidManifest.xml:17:1-22:12
MERGED from [com.android.support:customview:28.0.0] AndroidManifest.xml:17:1-22:12
MERGED from [com.android.support:swiperefreshlayout:28.0.0] AndroidManifest.xml:17:1-22:12
MERGED from [com.android.support:asynclayoutinflater:28.0.0] AndroidManifest.xml:17:1-22:12
MERGED from [com.android.support:support-compat:28.0.0] AndroidManifest.xml:17:1-24:12
MERGED from [com.android.support:versionedparcelable:28.0.0] AndroidManifest.xml:17:1-25:12
MERGED from [com.android.support:cursoradapter:28.0.0] AndroidManifest.xml:17:1-22:12
MERGED from [com.android.support:cardview-v7:28.0.0] AndroidManifest.xml:17:1-22:12
MERGED from [android.arch.lifecycle:runtime:1.1.1] AndroidManifest.xml:17:1-22:12
MERGED from [com.android.support:documentfile:28.0.0] AndroidManifest.xml:17:1-22:12
MERGED from [com.android.support:localbroadcastmanager:28.0.0] AndroidManifest.xml:17:1-22:12
MERGED from [com.android.support:print:28.0.0] AndroidManifest.xml:17:1-22:12
MERGED from [android.arch.lifecycle:viewmodel:1.1.1] AndroidManifest.xml:17:1-22:12
MERGED from [com.android.support:interpolator:28.0.0] AndroidManifest.xml:17:1-22:12
MERGED from [android.arch.lifecycle:livedata:1.1.1] AndroidManifest.xml:17:1-22:12
MERGED from [android.arch.lifecycle:livedata-core:1.1.1] AndroidManifest.xml:17:1-22:12
MERGED from [android.arch.core:runtime:1.1.1] AndroidManifest.xml:17:1-22:12
INJECTED from MTK_AS_Camera2/host/AndroidManifest.xml:2:1-136:12
INJECTED from MTK_AS_Camera2/host/AndroidManifest.xml:2:1-136:12
INJECTED from MTK_AS_Camera2/host/AndroidManifest.xml:2:1-136:12
	package
		ADDED from MTK_AS_Camera2/host/AndroidManifest.xml:3:5-34
		INJECTED from MTK_AS_Camera2/host/AndroidManifest.xml
		INJECTED from MTK_AS_Camera2/host/AndroidManifest.xml
	android:versionName
		ADDED from MTK_AS_Camera2/host/AndroidManifest.xml:5:5-36
		INJECTED from MTK_AS_Camera2/host/AndroidManifest.xml
		INJECTED from MTK_AS_Camera2/host/AndroidManifest.xml
	xmlns:android
		ADDED from MTK_AS_Camera2/host/AndroidManifest.xml:2:11-69
	android:versionCode
		ADDED from MTK_AS_Camera2/host/AndroidManifest.xml:4:5-32
		INJECTED from MTK_AS_Camera2/host/AndroidManifest.xml
		INJECTED from MTK_AS_Camera2/host/AndroidManifest.xml
uses-sdk
ADDED from MTK_AS_Camera2/host/AndroidManifest.xml:7:5-9:41
INJECTED from MTK_AS_Camera2/host/AndroidManifest.xml:7:5-9:41
INJECTED from MTK_AS_Camera2/host/AndroidManifest.xml:7:5-9:41
MERGED from [com.android.support:design:28.0.0] AndroidManifest.xml:20:5-44
MERGED from [com.android.support:design:28.0.0] AndroidManifest.xml:20:5-44
MERGED from [com.android.support:appcompat-v7:28.0.0] AndroidManifest.xml:20:5-44
MERGED from [com.android.support:appcompat-v7:28.0.0] AndroidManifest.xml:20:5-44
MERGED from [com.android.support:recyclerview-v7:28.0.0] AndroidManifest.xml:20:5-44
MERGED from [com.android.support:recyclerview-v7:28.0.0] AndroidManifest.xml:20:5-44
MERGED from [com.android.support:multidex:1.0.3] AndroidManifest.xml:20:5-43
MERGED from [com.android.support:multidex:1.0.3] AndroidManifest.xml:20:5-43
MERGED from [com.android.support:support-fragment:28.0.0] AndroidManifest.xml:20:5-44
MERGED from [com.android.support:support-fragment:28.0.0] AndroidManifest.xml:20:5-44
MERGED from [com.android.support:animated-vector-drawable:28.0.0] AndroidManifest.xml:20:5-44
MERGED from [com.android.support:animated-vector-drawable:28.0.0] AndroidManifest.xml:20:5-44
MERGED from [com.android.support:support-core-ui:28.0.0] AndroidManifest.xml:20:5-44
MERGED from [com.android.support:support-core-ui:28.0.0] AndroidManifest.xml:20:5-44
MERGED from [com.android.support:support-core-utils:28.0.0] AndroidManifest.xml:20:5-44
MERGED from [com.android.support:support-core-utils:28.0.0] AndroidManifest.xml:20:5-44
MERGED from [com.android.support:support-vector-drawable:28.0.0] AndroidManifest.xml:20:5-44
MERGED from [com.android.support:support-vector-drawable:28.0.0] AndroidManifest.xml:20:5-44
MERGED from [com.android.support:transition:28.0.0] AndroidManifest.xml:20:5-44
MERGED from [com.android.support:transition:28.0.0] AndroidManifest.xml:20:5-44
MERGED from [com.android.support:loader:28.0.0] AndroidManifest.xml:20:5-44
MERGED from [com.android.support:loader:28.0.0] AndroidManifest.xml:20:5-44
MERGED from [com.android.support:viewpager:28.0.0] AndroidManifest.xml:20:5-44
MERGED from [com.android.support:viewpager:28.0.0] AndroidManifest.xml:20:5-44
MERGED from [com.android.support:coordinatorlayout:28.0.0] AndroidManifest.xml:20:5-44
MERGED from [com.android.support:coordinatorlayout:28.0.0] AndroidManifest.xml:20:5-44
MERGED from [com.android.support:drawerlayout:28.0.0] AndroidManifest.xml:20:5-44
MERGED from [com.android.support:drawerlayout:28.0.0] AndroidManifest.xml:20:5-44
MERGED from [com.android.support:slidingpanelayout:28.0.0] AndroidManifest.xml:20:5-44
MERGED from [com.android.support:slidingpanelayout:28.0.0] AndroidManifest.xml:20:5-44
MERGED from [com.android.support:customview:28.0.0] AndroidManifest.xml:20:5-44
MERGED from [com.android.support:customview:28.0.0] AndroidManifest.xml:20:5-44
MERGED from [com.android.support:swiperefreshlayout:28.0.0] AndroidManifest.xml:20:5-44
MERGED from [com.android.support:swiperefreshlayout:28.0.0] AndroidManifest.xml:20:5-44
MERGED from [com.android.support:asynclayoutinflater:28.0.0] AndroidManifest.xml:20:5-44
MERGED from [com.android.support:asynclayoutinflater:28.0.0] AndroidManifest.xml:20:5-44
MERGED from [com.android.support:support-compat:28.0.0] AndroidManifest.xml:20:5-44
MERGED from [com.android.support:support-compat:28.0.0] AndroidManifest.xml:20:5-44
MERGED from [com.android.support:versionedparcelable:28.0.0] AndroidManifest.xml:20:5-44
MERGED from [com.android.support:versionedparcelable:28.0.0] AndroidManifest.xml:20:5-44
MERGED from [com.android.support:cursoradapter:28.0.0] AndroidManifest.xml:20:5-44
MERGED from [com.android.support:cursoradapter:28.0.0] AndroidManifest.xml:20:5-44
MERGED from [com.android.support:cardview-v7:28.0.0] AndroidManifest.xml:20:5-44
MERGED from [com.android.support:cardview-v7:28.0.0] AndroidManifest.xml:20:5-44
MERGED from [android.arch.lifecycle:runtime:1.1.1] AndroidManifest.xml:20:5-44
MERGED from [android.arch.lifecycle:runtime:1.1.1] AndroidManifest.xml:20:5-44
MERGED from [com.android.support:documentfile:28.0.0] AndroidManifest.xml:20:5-44
MERGED from [com.android.support:documentfile:28.0.0] AndroidManifest.xml:20:5-44
MERGED from [com.android.support:localbroadcastmanager:28.0.0] AndroidManifest.xml:20:5-44
MERGED from [com.android.support:localbroadcastmanager:28.0.0] AndroidManifest.xml:20:5-44
MERGED from [com.android.support:print:28.0.0] AndroidManifest.xml:20:5-44
MERGED from [com.android.support:print:28.0.0] AndroidManifest.xml:20:5-44
MERGED from [android.arch.lifecycle:viewmodel:1.1.1] AndroidManifest.xml:20:5-44
MERGED from [android.arch.lifecycle:viewmodel:1.1.1] AndroidManifest.xml:20:5-44
MERGED from [com.android.support:interpolator:28.0.0] AndroidManifest.xml:20:5-44
MERGED from [com.android.support:interpolator:28.0.0] AndroidManifest.xml:20:5-44
MERGED from [android.arch.lifecycle:livedata:1.1.1] AndroidManifest.xml:20:5-44
MERGED from [android.arch.lifecycle:livedata:1.1.1] AndroidManifest.xml:20:5-44
MERGED from [android.arch.lifecycle:livedata-core:1.1.1] AndroidManifest.xml:20:5-44
MERGED from [android.arch.lifecycle:livedata-core:1.1.1] AndroidManifest.xml:20:5-44
MERGED from [android.arch.core:runtime:1.1.1] AndroidManifest.xml:20:5-44
MERGED from [android.arch.core:runtime:1.1.1] AndroidManifest.xml:20:5-44
INJECTED from MTK_AS_Camera2/host/AndroidManifest.xml:7:5-9:41
INJECTED from MTK_AS_Camera2/host/AndroidManifest.xml:7:5-9:41
	android:targetSdkVersion
		ADDED from MTK_AS_Camera2/host/AndroidManifest.xml:9:9-38
		INJECTED from MTK_AS_Camera2/host/AndroidManifest.xml
		INJECTED from MTK_AS_Camera2/host/AndroidManifest.xml
	android:minSdkVersion
		ADDED from MTK_AS_Camera2/host/AndroidManifest.xml:8:9-35
		INJECTED from MTK_AS_Camera2/host/AndroidManifest.xml
		INJECTED from MTK_AS_Camera2/host/AndroidManifest.xml
uses-permission#android.permission.CAMERA
ADDED from MTK_AS_Camera2/host/AndroidManifest.xml:11:5-65
	android:name
		ADDED from MTK_AS_Camera2/host/AndroidManifest.xml:11:22-62
uses-permission#android.permission.RECORD_AUDIO
ADDED from MTK_AS_Camera2/host/AndroidManifest.xml:12:5-71
	android:name
		ADDED from MTK_AS_Camera2/host/AndroidManifest.xml:12:22-68
uses-permission#android.permission.RECEIVE_BOOT_COMPLETED
ADDED from MTK_AS_Camera2/host/AndroidManifest.xml:13:5-81
	android:name
		ADDED from MTK_AS_Camera2/host/AndroidManifest.xml:13:22-78
uses-permission#android.permission.WRITE_EXTERNAL_STORAGE
ADDED from MTK_AS_Camera2/host/AndroidManifest.xml:14:5-81
	android:name
		ADDED from MTK_AS_Camera2/host/AndroidManifest.xml:14:22-78
uses-permission#android.permission.READ_EXTERNAL_STORAGE
ADDED from MTK_AS_Camera2/host/AndroidManifest.xml:15:5-80
	android:name
		ADDED from MTK_AS_Camera2/host/AndroidManifest.xml:15:22-77
uses-permission#android.permission.ACCESS_COARSE_LOCATION
ADDED from MTK_AS_Camera2/host/AndroidManifest.xml:16:5-81
	android:name
		ADDED from MTK_AS_Camera2/host/AndroidManifest.xml:16:22-78
uses-permission#android.permission.ACCESS_FINE_LOCATION
ADDED from MTK_AS_Camera2/host/AndroidManifest.xml:17:5-79
	android:name
		ADDED from MTK_AS_Camera2/host/AndroidManifest.xml:17:22-76
uses-permission#android.permission.ACCESS_MTK_MMHW
ADDED from MTK_AS_Camera2/host/AndroidManifest.xml:18:5-74
	android:name
		ADDED from MTK_AS_Camera2/host/AndroidManifest.xml:18:22-71
uses-permission#mediatek.permission.ACCESS_MTK_MMHW
ADDED from MTK_AS_Camera2/host/AndroidManifest.xml:19:5-75
	android:name
		ADDED from MTK_AS_Camera2/host/AndroidManifest.xml:19:22-72
uses-permission#android.permission.WRITE_MEDIA_STORAGE
ADDED from MTK_AS_Camera2/host/AndroidManifest.xml:20:5-78
	android:name
		ADDED from MTK_AS_Camera2/host/AndroidManifest.xml:20:22-75
uses-permission#android.permission.SET_ANIMATION_SCALE
ADDED from MTK_AS_Camera2/host/AndroidManifest.xml:21:5-78
	android:name
		ADDED from MTK_AS_Camera2/host/AndroidManifest.xml:21:22-75
uses-permission#android.permission.MOUNT_UNMOUNT_FILESYSTEMS
ADDED from MTK_AS_Camera2/host/AndroidManifest.xml:22:5-84
	android:name
		ADDED from MTK_AS_Camera2/host/AndroidManifest.xml:22:22-81
supports-screens
ADDED from MTK_AS_Camera2/host/AndroidManifest.xml:24:5-28:40
	android:largeScreens
		ADDED from MTK_AS_Camera2/host/AndroidManifest.xml:26:9-36
	android:smallScreens
		ADDED from MTK_AS_Camera2/host/AndroidManifest.xml:28:9-37
	android:normalScreens
		ADDED from MTK_AS_Camera2/host/AndroidManifest.xml:27:9-37
	android:anyDensity
		ADDED from MTK_AS_Camera2/host/AndroidManifest.xml:25:9-34
application
ADDED from MTK_AS_Camera2/host/AndroidManifest.xml:30:5-135:19
MERGED from [com.android.support:design:28.0.0] AndroidManifest.xml:22:5-20
MERGED from [com.android.support:design:28.0.0] AndroidManifest.xml:22:5-20
MERGED from [com.android.support:support-compat:28.0.0] AndroidManifest.xml:22:5-94
MERGED from [com.android.support:support-compat:28.0.0] AndroidManifest.xml:22:5-94
MERGED from [com.android.support:versionedparcelable:28.0.0] AndroidManifest.xml:22:5-23:19
MERGED from [com.android.support:versionedparcelable:28.0.0] AndroidManifest.xml:22:5-23:19
	android:appComponentFactory
		ADDED from [com.android.support:support-compat:28.0.0] AndroidManifest.xml:22:18-91
	android:supportsRtl
		ADDED from MTK_AS_Camera2/host/AndroidManifest.xml:39:9-35
	android:label
		ADDED from MTK_AS_Camera2/host/AndroidManifest.xml:35:9-45
	android:hardwareAccelerated
		ADDED from MTK_AS_Camera2/host/AndroidManifest.xml:33:9-43
	android:resizeableActivity
		ADDED from MTK_AS_Camera2/host/AndroidManifest.xml:37:9-43
	android:restoreAnyVersion
		ADDED from MTK_AS_Camera2/host/AndroidManifest.xml:38:9-41
	android:largeHeap
		ADDED from MTK_AS_Camera2/host/AndroidManifest.xml:36:9-33
	android:icon
		ADDED from MTK_AS_Camera2/host/AndroidManifest.xml:34:9-50
	android:theme
		ADDED from MTK_AS_Camera2/host/AndroidManifest.xml:40:9-43
	android:directBootAware
		ADDED from MTK_AS_Camera2/host/AndroidManifest.xml:32:9-39
	android:name
		ADDED from MTK_AS_Camera2/host/AndroidManifest.xml:31:9-42
activity#com.mediatek.camera.CameraActivity
ADDED from MTK_AS_Camera2/host/AndroidManifest.xml:41:9-64:20
	android:screenOrientation
		ADDED from MTK_AS_Camera2/host/AndroidManifest.xml:47:13-49
	android:clearTaskOnLaunch
		ADDED from MTK_AS_Camera2/host/AndroidManifest.xml:43:13-45
	android:label
		ADDED from MTK_AS_Camera2/host/AndroidManifest.xml:45:13-49
	android:launchMode
		ADDED from MTK_AS_Camera2/host/AndroidManifest.xml:46:13-44
	android:windowSoftInputMode
		ADDED from MTK_AS_Camera2/host/AndroidManifest.xml:49:13-70
	android:configChanges
		ADDED from MTK_AS_Camera2/host/AndroidManifest.xml:44:13-153
	android:taskAffinity
		ADDED from MTK_AS_Camera2/host/AndroidManifest.xml:48:13-70
	android:name
		ADDED from MTK_AS_Camera2/host/AndroidManifest.xml:42:13-62
intent-filter#action:name:android.media.action.STILL_IMAGE_CAMERA+category:name:android.intent.category.DEFAULT+category:name:android.intent.category.VOICE
ADDED from MTK_AS_Camera2/host/AndroidManifest.xml:50:13-55:29
action#android.media.action.STILL_IMAGE_CAMERA
ADDED from MTK_AS_Camera2/host/AndroidManifest.xml:51:17-82
	android:name
		ADDED from MTK_AS_Camera2/host/AndroidManifest.xml:51:25-79
category#android.intent.category.DEFAULT
ADDED from MTK_AS_Camera2/host/AndroidManifest.xml:53:17-76
	android:name
		ADDED from MTK_AS_Camera2/host/AndroidManifest.xml:53:27-73
category#android.intent.category.VOICE
ADDED from MTK_AS_Camera2/host/AndroidManifest.xml:54:17-74
	android:name
		ADDED from MTK_AS_Camera2/host/AndroidManifest.xml:54:27-71
intent-filter#action:name:android.intent.action.MAIN+category:name:android.intent.category.DEFAULT
ADDED from MTK_AS_Camera2/host/AndroidManifest.xml:56:13-59:29
action#android.intent.action.MAIN
ADDED from MTK_AS_Camera2/host/AndroidManifest.xml:57:17-69
	android:name
		ADDED from MTK_AS_Camera2/host/AndroidManifest.xml:57:25-66
meta-data#com.android.keyguard.layout
ADDED from MTK_AS_Camera2/host/AndroidManifest.xml:61:13-63:62
	android:resource
		ADDED from MTK_AS_Camera2/host/AndroidManifest.xml:63:17-59
	android:name
		ADDED from MTK_AS_Camera2/host/AndroidManifest.xml:62:17-59
activity-alias#com.mediatek.camera.CameraLauncher
ADDED from MTK_AS_Camera2/host/AndroidManifest.xml:65:9-76:26
	android:label
		ADDED from MTK_AS_Camera2/host/AndroidManifest.xml:68:13-49
	android:targetActivity
		ADDED from MTK_AS_Camera2/host/AndroidManifest.xml:69:13-72
	android:icon
		ADDED from MTK_AS_Camera2/host/AndroidManifest.xml:67:13-54
	android:name
		ADDED from MTK_AS_Camera2/host/AndroidManifest.xml:66:13-62
intent-filter#action:name:android.intent.action.MAIN+category:name:android.intent.category.DEFAULT+category:name:android.intent.category.LAUNCHER
ADDED from MTK_AS_Camera2/host/AndroidManifest.xml:70:13-75:29
category#android.intent.category.LAUNCHER
ADDED from MTK_AS_Camera2/host/AndroidManifest.xml:74:17-77
	android:name
		ADDED from MTK_AS_Camera2/host/AndroidManifest.xml:74:27-74
activity#com.mediatek.camera.SecureCameraActivity
ADDED from MTK_AS_Camera2/host/AndroidManifest.xml:78:9-100:20
	android:screenOrientation
		ADDED from MTK_AS_Camera2/host/AndroidManifest.xml:85:13-49
	android:clearTaskOnLaunch
		ADDED from MTK_AS_Camera2/host/AndroidManifest.xml:80:13-45
	android:label
		ADDED from MTK_AS_Camera2/host/AndroidManifest.xml:84:13-49
	android:excludeFromRecents
		ADDED from MTK_AS_Camera2/host/AndroidManifest.xml:82:13-46
	android:windowSoftInputMode
		ADDED from MTK_AS_Camera2/host/AndroidManifest.xml:87:13-70
	android:configChanges
		ADDED from MTK_AS_Camera2/host/AndroidManifest.xml:81:13-74
	android:icon
		ADDED from MTK_AS_Camera2/host/AndroidManifest.xml:83:13-54
	android:taskAffinity
		ADDED from MTK_AS_Camera2/host/AndroidManifest.xml:86:13-76
	android:name
		ADDED from MTK_AS_Camera2/host/AndroidManifest.xml:79:13-68
intent-filter#action:name:android.media.action.STILL_IMAGE_CAMERA_SECURE+category:name:android.intent.category.DEFAULT
ADDED from MTK_AS_Camera2/host/AndroidManifest.xml:88:13-91:29
action#android.media.action.STILL_IMAGE_CAMERA_SECURE
ADDED from MTK_AS_Camera2/host/AndroidManifest.xml:89:17-89
	android:name
		ADDED from MTK_AS_Camera2/host/AndroidManifest.xml:89:25-86
intent-filter#action:name:android.media.action.IMAGE_CAPTURE_SECURE+category:name:android.intent.category.DEFAULT
ADDED from MTK_AS_Camera2/host/AndroidManifest.xml:92:13-95:29
action#android.media.action.IMAGE_CAPTURE_SECURE
ADDED from MTK_AS_Camera2/host/AndroidManifest.xml:93:17-84
	android:name
		ADDED from MTK_AS_Camera2/host/AndroidManifest.xml:93:25-81
activity#com.mediatek.camera.CaptureActivity
ADDED from MTK_AS_Camera2/host/AndroidManifest.xml:101:9-112:20
	android:screenOrientation
		ADDED from MTK_AS_Camera2/host/AndroidManifest.xml:105:13-49
	android:label
		ADDED from MTK_AS_Camera2/host/AndroidManifest.xml:104:13-49
	android:windowSoftInputMode
		ADDED from MTK_AS_Camera2/host/AndroidManifest.xml:107:13-70
	android:visibleToInstantApps
		ADDED from MTK_AS_Camera2/host/AndroidManifest.xml:106:13-48
	android:configChanges
		ADDED from MTK_AS_Camera2/host/AndroidManifest.xml:103:13-153
	android:name
		ADDED from MTK_AS_Camera2/host/AndroidManifest.xml:102:13-63
intent-filter#action:name:android.media.action.IMAGE_CAPTURE+category:name:android.intent.category.DEFAULT
ADDED from MTK_AS_Camera2/host/AndroidManifest.xml:108:13-111:29
action#android.media.action.IMAGE_CAPTURE
ADDED from MTK_AS_Camera2/host/AndroidManifest.xml:109:17-77
	android:name
		ADDED from MTK_AS_Camera2/host/AndroidManifest.xml:109:25-74
activity-alias#com.mediatek.camera.VideoCamera
ADDED from MTK_AS_Camera2/host/AndroidManifest.xml:114:9-128:26
	android:screenOrientation
		ADDED from MTK_AS_Camera2/host/AndroidManifest.xml:117:13-49
	android:label
		ADDED from MTK_AS_Camera2/host/AndroidManifest.xml:116:13-55
	android:targetActivity
		ADDED from MTK_AS_Camera2/host/AndroidManifest.xml:118:13-73
	android:visibleToInstantApps
		ADDED from MTK_AS_Camera2/host/AndroidManifest.xml:119:13-48
	android:name
		ADDED from MTK_AS_Camera2/host/AndroidManifest.xml:115:13-59
intent-filter#action:name:android.media.action.VIDEO_CAMERA+category:name:android.intent.category.DEFAULT
ADDED from MTK_AS_Camera2/host/AndroidManifest.xml:120:13-123:29
action#android.media.action.VIDEO_CAMERA
ADDED from MTK_AS_Camera2/host/AndroidManifest.xml:121:17-76
	android:name
		ADDED from MTK_AS_Camera2/host/AndroidManifest.xml:121:25-73
intent-filter#action:name:android.media.action.VIDEO_CAPTURE+category:name:android.intent.category.DEFAULT
ADDED from MTK_AS_Camera2/host/AndroidManifest.xml:124:13-127:29
action#android.media.action.VIDEO_CAPTURE
ADDED from MTK_AS_Camera2/host/AndroidManifest.xml:125:17-77
	android:name
		ADDED from MTK_AS_Camera2/host/AndroidManifest.xml:125:25-74
receiver#com.mediatek.camera.DisableCameraReceiver
ADDED from MTK_AS_Camera2/host/AndroidManifest.xml:129:9-133:20
	android:name
		ADDED from MTK_AS_Camera2/host/AndroidManifest.xml:129:19-75
intent-filter#action:name:android.intent.action.BOOT_COMPLETED
ADDED from MTK_AS_Camera2/host/AndroidManifest.xml:130:13-132:29
action#android.intent.action.BOOT_COMPLETED
ADDED from MTK_AS_Camera2/host/AndroidManifest.xml:131:17-79
	android:name
		ADDED from MTK_AS_Camera2/host/AndroidManifest.xml:131:25-76
service#com.mediatek.camera.CameraAppService
ADDED from MTK_AS_Camera2/host/AndroidManifest.xml:134:9-53
	android:name
		ADDED from MTK_AS_Camera2/host/AndroidManifest.xml:134:18-50